<?xml version="1.0" encoding="UTF-8"?>
<testng-results skipped="0" failed="0" total="1" passed="1">
  <reporter-output>
  </reporter-output>
  <suite name="Default suite" duration-ms="15443" started-at="2020-08-01T19:06:16Z" finished-at="2020-08-01T19:06:32Z">
    <groups>
    </groups>
    <test name="Default test" duration-ms="15443" started-at="2020-08-01T19:06:16Z" finished-at="2020-08-01T19:06:32Z">
      <class name="BrowserCommands.TestMethods1">
        <test-method status="PASS" signature="BrowserCommands()[pri:0, instance:BrowserCommands.TestMethods1@71e7a66b]" name="BrowserCommands" duration-ms="15419" started-at="2020-08-02T00:36:16Z" finished-at="2020-08-02T00:36:32Z">
          <reporter-output>
          </reporter-output>
        </test-method> <!-- BrowserCommands -->
      </class> <!-- BrowserCommands.TestMethods1 -->
    </test> <!-- Default test -->
  </suite> <!-- Default suite -->
</testng-results>
